2023.10.09 13:59:34 INFO  Started: Metals version 1.0.1 in folders '/Users/mehran/work/code/AC' for client Visual Studio Code 1.83.0.[0m
Oct 09, 2023 1:59:34 PM org.flywaydb.core.internal.license.VersionPrinter printVersionOnly
INFO: Flyway Community Edition 9.21.2 by Redgate
Oct 09, 2023 1:59:34 PM org.flywaydb.core.internal.license.VersionPrinter printVersion
INFO: See release notes here: https://rd.gt/416ObMi
Oct 09, 2023 1:59:34 PM org.flywaydb.core.internal.license.VersionPrinter printVersion
INFO: 
Oct 09, 2023 1:59:35 PM org.flywaydb.core.FlywayExecutor execute
INFO: Database: jdbc:h2:file:/Users/mehran/work/code/AC/.metals/metals (H2 2.1)
Oct 09, 2023 1:59:35 PM org.flywaydb.core.internal.schemahistory.JdbcTableSchemaHistory allAppliedMigrations
INFO: Schema history table "PUBLIC"."flyway_schema_history" does not exist yet
Oct 09, 2023 1:59:35 PM org.flywaydb.core.internal.command.DbValidate validate
INFO: Successfully validated 4 migrations (execution time 00:00.025s)
Oct 09, 2023 1:59:35 PM org.flywaydb.core.internal.schemahistory.JdbcTableSchemaHistory create
INFO: Creating Schema History table "PUBLIC"."flyway_schema_history" ...
Oct 09, 2023 1:59:35 PM org.flywaydb.core.internal.command.DbMigrate migrateGroup
INFO: Current version of schema "PUBLIC": << Empty Schema >>
Oct 09, 2023 1:59:35 PM org.flywaydb.core.internal.command.DbMigrate doMigrateGroup
INFO: Migrating schema "PUBLIC" to version "1 - Create tables"
Oct 09, 2023 1:59:35 PM org.flywaydb.core.internal.command.DbMigrate doMigrateGroup
INFO: Migrating schema "PUBLIC" to version "2 - Server discovery"
Oct 09, 2023 1:59:35 PM org.flywaydb.core.internal.command.DbMigrate doMigrateGroup
INFO: Migrating schema "PUBLIC" to version "3 - Jar symbols"
Oct 09, 2023 1:59:35 PM org.flywaydb.core.internal.command.DbMigrate doMigrateGroup
INFO: Migrating schema "PUBLIC" to version "4 - Fingerprints"
Oct 09, 2023 1:59:35 PM org.flywaydb.core.internal.command.DbMigrate logSummary
INFO: Successfully applied 4 migrations to schema "PUBLIC", now at version v4 (execution time 00:00.036s)
2023.10.09 13:59:35 INFO  time: initialize in 0.79s[0m
2023.10.09 13:59:37 WARN  Build server is not auto-connectable.[0m
2023.10.09 13:59:37 WARN  no build target for: /Users/mehran/work/code/AC/src/main/scala/Contracts.scala[0m
2023.10.09 13:59:39 INFO  no build target found for /Users/mehran/work/code/AC/src/main/scala/Contracts.scala. Using presentation compiler with project's scala-library version: 3.3.0[0m
Oct 09, 2023 1:59:39 PM org.eclipse.lsp4j.jsonrpc.RemoteEndpoint handleCancellation
WARNING: Unmatched cancel notification for request id 2
Oct 09, 2023 1:59:39 PM org.eclipse.lsp4j.jsonrpc.RemoteEndpoint handleCancellation
WARNING: Unmatched cancel notification for request id 6
2023.10.09 13:59:41 INFO  time: code lens generation in 2.08s[0m
2023.10.09 13:59:41 INFO  time: code lens generation in 2.09s[0m
Oct 09, 2023 2:03:25 PM org.eclipse.lsp4j.jsonrpc.RemoteEndpoint handleCancellation
WARNING: Unmatched cancel notification for request id 25
2023.10.09 14:03:26 WARN  no build target for: /Users/mehran/work/code/AC/src/main/scala/Contracts.scala[0m
2023.10.09 14:04:13 WARN  no build target for: /Users/mehran/work/code/AC/src/main/scala/Contracts.scala[0m
2023.10.09 14:04:18 WARN  no build target for: /Users/mehran/work/code/AC/src/main/scala/Contracts.scala[0m
2023.10.09 14:04:23 WARN  no build target for: /Users/mehran/work/code/AC/src/main/scala/Contracts.scala[0m
2023.10.09 14:04:26 WARN  no build target for: /Users/mehran/work/code/AC/src/main/scala/Contracts.scala[0m
Oct 09, 2023 2:04:35 PM org.eclipse.lsp4j.jsonrpc.RemoteEndpoint handleCancellation
WARNING: Unmatched cancel notification for request id 146
